<?xml version="1.0" encoding="UTF-8"?>
<!-- Generated by org.testng.reporters.JUnitReportReporter -->
<testsuite hostname="AELPT-0923" failures="0" tests="1" name="practiceLOcatorTest.fileUPloadTest" time="44.798" errors="0" timestamp="2025-07-02T14:54:36 IST" skipped="0">
  <testcase classname="practiceLOcatorTest.fileUPloadTest" name="fileUPload2" time="44.798"/>
  <system-out/>
</testsuite> <!-- practiceLOcatorTest.fileUPloadTest -->
