<?xml version="1.0" encoding="UTF-8"?>
<!-- Generated by org.testng.reporters.JUnitReportReporter -->
<testsuite hostname="AELPT-0923" failures="0" tests="1" name="practiceLOcatorTest.alerrttestTest" time="15.747" errors="0" timestamp="2025-07-02T15:26:44 IST" skipped="0">
  <testcase classname="practiceLOcatorTest.alerrttestTest" name="alertTesting" time="15.747"/>
  <system-out/>
</testsuite> <!-- practiceLOcatorTest.alerrttestTest -->
