<?xml version="1.0" encoding="UTF-8"?>
<!-- Generated by org.testng.reporters.JUnitReportReporter -->
<testsuite hostname="AELPT-0923" failures="0" tests="1" name="practiceLOcatorTest.newWindowandTabtest" time="166.942" errors="0" timestamp="2025-07-04T11:23:42 IST" skipped="0">
  <testcase classname="practiceLOcatorTest.newWindowandTabtest" name="newWindowsTabTest" time="166.942"/>
  <system-out/>
</testsuite> <!-- practiceLOcatorTest.newWindowandTabtest -->
