<?xml version="1.0" encoding="UTF-8"?>
<!-- Generated by org.testng.reporters.JUnitReportReporter -->
<testsuite hostname="AELPT-0923" failures="0" tests="1" name="practiceLOcatorTest.mouseActiontest" time="17.510" errors="0" timestamp="2025-07-02T13:20:32 IST" skipped="0">
  <testcase classname="practiceLOcatorTest.mouseActiontest" name="mouseActiontests" time="17.510"/>
  <system-out/>
</testsuite> <!-- practiceLOcatorTest.mouseActiontest -->
