<?xml version="1.0" encoding="UTF-8"?>
<!-- Generated by org.testng.reporters.JUnitReportReporter -->
<testsuite hostname="AELPT-0923" failures="0" tests="1" name="practiceLOcatorTest.windowsTableTest" time="124.273" errors="0" timestamp="2025-07-03T15:41:03 IST" skipped="0">
  <testcase classname="practiceLOcatorTest.windowsTableTest" name="winTable" time="124.273"/>
  <system-out/>
</testsuite> <!-- practiceLOcatorTest.windowsTableTest -->
