<?xml version="1.0" encoding="UTF-8"?>
<!-- Generated by org.testng.reporters.JUnitReportReporter -->
<testsuite hostname="AELPT-0923" failures="0" tests="1" name="practiceLOcatorTest.selenium1Test" time="15.662" errors="0" timestamp="2025-07-01T20:40:08 IST" skipped="0">
  <testcase classname="practiceLOcatorTest.selenium1Test" name="linkPartialTest" time="15.662"/>
  <system-out/>
</testsuite> <!-- practiceLOcatorTest.selenium1Test -->
