<?xml version="1.0" encoding="UTF-8"?>
<!-- Generated by org.testng.reporters.JUnitReportReporter -->
<testsuite hostname="AELPT-0923" failures="0" tests="1" name="practiceLOcatorTest.captureSSTest" time="8.239" errors="0" timestamp="2025-07-04T09:25:18 IST" skipped="0">
  <testcase classname="practiceLOcatorTest.captureSSTest" name="captureSS" time="8.239"/>
  <system-out/>
</testsuite> <!-- practiceLOcatorTest.captureSSTest -->
