<?xml version="1.0" encoding="UTF-8"?>
<!-- Generated by org.testng.reporters.JUnitReportReporter -->
<testsuite hostname="AELPT-0923" failures="0" tests="1" name="practiceLOcatorTest.brokenLinkTest" time="76.128" errors="0" timestamp="2025-07-02T13:00:30 IST" skipped="0">
  <testcase classname="practiceLOcatorTest.brokenLinkTest" name="brokenLinkTests" time="76.128"/>
  <system-out/>
</testsuite> <!-- practiceLOcatorTest.brokenLinkTest -->
