<?xml version="1.0" encoding="UTF-8"?>
<!-- Generated by org.testng.reporters.JUnitReportReporter -->
<testsuite hostname="AELPT-0923" failures="0" tests="1" name="practiceLOcatorTest.waitTest" time="120.395" errors="0" timestamp="2025-07-04T11:57:12 IST" skipped="0">
  <testcase classname="practiceLOcatorTest.waitTest" name="testWaits" time="120.395"/>
  <system-out/>
</testsuite> <!-- practiceLOcatorTest.waitTest -->
