<?xml version="1.0" encoding="UTF-8"?>
<!-- Generated by org.testng.reporters.JUnitReportReporter -->
<testsuite hostname="AELPT-0923" failures="0" tests="1" name="practiceLOcatorTest.SeleniumFileReadWriteTest" time="12.823" errors="0" timestamp="2025-07-12T19:18:38 IST" skipped="0">
  <testcase classname="practiceLOcatorTest.SeleniumFileReadWriteTest" name="writeExcel" time="12.823"/>
  <system-out/>
</testsuite> <!-- practiceLOcatorTest.SeleniumFileReadWriteTest -->
